<?xml version="1.0" encoding="UTF-8"?>
<!-- Generated by org.testng.reporters.JUnitXMLReporter -->
<testsuite ignored="5" hostname="Active34" failures="0" tests="1" name="Default test" time="14.9" errors="0" timestamp="2025-12-19T13:00:44 IST">
  <testcase classname="kpoTestcaseExecution.kpocontractmanagementExecutionclass" name="kpocontractmanagementlistpage" time="10.706"/>
  <testcase classname="kpoTestcaseExecution.kpocontractmanagementExecutionclass" name="kpocontractmanagementassignpage" time="0.0">
    <ignored/>
  </testcase> <!-- kpocontractmanagementassignpage -->
  <testcase classname="kpoTestcaseExecution.kpocontractmanagementExecutionclass" name="contractmanagementInitiatecontractaction" time="0.0">
    <ignored/>
  </testcase> <!-- contractmanagementInitiatecontractaction -->
  <testcase classname="kpoTestcaseExecution.kpocontractmanagementExecutionclass" name="contractmanagementrequestshortcloseaction" time="0.0">
    <ignored/>
  </testcase> <!-- contractmanagementrequestshortcloseaction -->
  <testcase classname="kpoTestcaseExecution.kpocontractmanagementExecutionclass" name="contractmanagementcontinueorderaction" time="0.0">
    <ignored/>
  </testcase> <!-- contractmanagementcontinueorderaction -->
  <testcase classname="kpoTestcaseExecution.kpocontractmanagementExecutionclass" name="contractmanagementkpoverifysignatureaction" time="0.0">
    <ignored/>
  </testcase> <!-- contractmanagementkpoverifysignatureaction -->
</testsuite> <!-- Default test -->
