<?xml version="1.0" encoding="UTF-8"?>
<!-- Generated by org.testng.reporters.JUnitXMLReporter -->
<testsuite ignored="7" hostname="Active34" failures="0" tests="0" time="0.018" errors="0" timestamp="2025-12-22T17:55:59 IST">
  <testcase classname="kpoTestcaseExecution.kpocontractmanagementExecutionclass" name="contractmanagementrequestshortcloseaction" time="0.0">
    <ignored/>
  </testcase> <!-- contractmanagementrequestshortcloseaction -->
  <testcase classname="kpoTestcaseExecution.kpocontractmanagementExecutionclass" name="kpocontractmanagementassignpage" time="0.0">
    <ignored/>
  </testcase> <!-- kpocontractmanagementassignpage -->
  <testcase classname="kpoTestcaseExecution.kpocontractmanagementExecutionclass" name="contractmanagementkpoverifysignatureaction" time="0.0">
    <ignored/>
  </testcase> <!-- contractmanagementkpoverifysignatureaction -->
  <testcase classname="kpoTestcaseExecution.kpocontractmanagementExecutionclass" name="contractmanagementcontinueorderaction" time="0.0">
    <ignored/>
  </testcase> <!-- contractmanagementcontinueorderaction -->
  <testcase classname="kpoTestcaseExecution.kpocontractmanagementExecutionclass" name="kpocontractmanagementlistpage" time="0.0">
    <ignored/>
  </testcase> <!-- kpocontractmanagementlistpage -->
  <testcase classname="kpoTestcaseExecution.kpocontractmanagementExecutionclass" name="contractmanagementInitiatecontractaction" time="0.0">
    <ignored/>
  </testcase> <!-- contractmanagementInitiatecontractaction -->
  <testcase classname="kpoTestcaseExecution.kpocontractmanagementExecutionclass" name="kpoadddispatchfunctionality" time="0.0">
    <ignored/>
  </testcase> <!-- kpoadddispatchfunctionality -->
</testsuite>
