<?xml version="1.0" encoding="UTF-8"?>
<testng-results ignored="0" total="1" passed="1" failed="0" skipped="0">
  <reporter-output>
  </reporter-output>
  <suite started-at="2025-11-05T22:45:13 IST" name="Default suite" finished-at="2025-11-05T22:45:30 IST" duration-ms="17168">
    <groups>
    </groups>
    <test started-at="2025-11-05T22:45:13 IST" name="Default test" finished-at="2025-11-05T22:45:30 IST" duration-ms="17168">
      <class name="kpoTestcaseExecution.kpocontractmanagementExecutionclass">
        <test-method is-config="true" signature="setup()[pri:0, instance:kpoTestcaseExecution.kpocontractmanagementExecutionclass@4988d8b8]" started-at="2025-11-05T22:45:13 IST" name="setup" finished-at="2025-11-05T22:45:18 IST" duration-ms="4868" status="PASS">
          <reporter-output>
          </reporter-output>
        </test-method> <!-- setup -->
        <test-method signature="contractmanagementkpoverifysignatureaction()[pri:0, instance:kpoTestcaseExecution.kpocontractmanagementExecutionclass@4988d8b8]" started-at="2025-11-05T22:45:18 IST" name="contractmanagementkpoverifysignatureaction" finished-at="2025-11-05T22:45:29 IST" duration-ms="11746" status="PASS">
          <reporter-output>
          </reporter-output>
        </test-method> <!-- contractmanagementkpoverifysignatureaction -->
        <test-method is-config="true" signature="tear(org.testng.ITestResult)[pri:0, instance:kpoTestcaseExecution.kpocontractmanagementExecutionclass@4988d8b8]" started-at="2025-11-05T22:45:29 IST" name="tear" finished-at="2025-11-05T22:45:30 IST" duration-ms="461" status="PASS">
          <params>
            <param index="0">
              <value>
                <![CDATA[[TestResult name=contractmanagementkpoverifysignatureaction status=SUCCESS method=kpocontractmanagementExecutionclass.contractmanagementkpoverifysignatureaction()[pri:0, instance:kpoTestcaseExecution.kpocontractmanagementExecutionclass@4988d8b8] output={null}]]]>
              </value>
            </param>
          </params>
          <reporter-output>
          </reporter-output>
        </test-method> <!-- tear -->
      </class> <!-- kpoTestcaseExecution.kpocontractmanagementExecutionclass -->
    </test> <!-- Default test -->
  </suite> <!-- Default suite -->
</testng-results>
