<?xml version="1.0" encoding="UTF-8"?>
<testng-results ignored="0" total="1" passed="1" failed="0" skipped="0">
  <reporter-output>
  </reporter-output>
  <suite started-at="2025-11-04T22:06:14 IST" name="Default suite" finished-at="2025-11-04T22:06:54 IST" duration-ms="39438">
    <groups>
    </groups>
    <test started-at="2025-11-04T22:06:14 IST" name="Default test" finished-at="2025-11-04T22:06:54 IST" duration-ms="39438">
      <class name="kpoTestcaseExecution.kpocontractmanagementExecutionclass">
        <test-method is-config="true" signature="setup()[pri:0, instance:kpoTestcaseExecution.kpocontractmanagementExecutionclass@2de23121]" started-at="2025-11-04T22:06:14 IST" name="setup" finished-at="2025-11-04T22:06:44 IST" duration-ms="29144" status="PASS">
          <reporter-output>
          </reporter-output>
        </test-method> <!-- setup -->
        <test-method signature="contractmanagementrequestshortcloseaction()[pri:0, instance:kpoTestcaseExecution.kpocontractmanagementExecutionclass@2de23121]" started-at="2025-11-04T22:06:44 IST" name="contractmanagementrequestshortcloseaction" finished-at="2025-11-04T22:06:53 IST" duration-ms="9825" status="PASS">
          <reporter-output>
          </reporter-output>
        </test-method> <!-- contractmanagementrequestshortcloseaction -->
        <test-method is-config="true" signature="tear(org.testng.ITestResult)[pri:0, instance:kpoTestcaseExecution.kpocontractmanagementExecutionclass@2de23121]" started-at="2025-11-04T22:06:53 IST" name="tear" finished-at="2025-11-04T22:06:54 IST" duration-ms="392" status="PASS">
          <params>
            <param index="0">
              <value>
                <![CDATA[[TestResult name=contractmanagementrequestshortcloseaction status=SUCCESS method=kpocontractmanagementExecutionclass.contractmanagementrequestshortcloseaction()[pri:0, instance:kpoTestcaseExecution.kpocontractmanagementExecutionclass@2de23121] output={null}]]]>
              </value>
            </param>
          </params>
          <reporter-output>
          </reporter-output>
        </test-method> <!-- tear -->
      </class> <!-- kpoTestcaseExecution.kpocontractmanagementExecutionclass -->
    </test> <!-- Default test -->
  </suite> <!-- Default suite -->
</testng-results>
