<?xml version="1.0" encoding="UTF-8"?>
<!-- Generated by org.testng.reporters.JUnitReportReporter -->
<testsuite hostname="DESKTOP-CVGL8I0" failures="0" tests="1" name="kpoTestcaseExecution.kpocontractmanagementExecutionclass" time="39.361" errors="0" timestamp="2025-11-04T22:06:54 IST" skipped="0">
  <testcase classname="kpoTestcaseExecution.kpocontractmanagementExecutionclass" name="contractmanagementrequestshortcloseaction" time="39.361"/>
</testsuite> <!-- kpoTestcaseExecution.kpocontractmanagementExecutionclass -->
