<?xml version="1.0" encoding="UTF-8"?>
<!-- Generated by org.testng.reporters.JUnitReportReporter -->
<testsuite hostname="DESKTOP-CVGL8I0" failures="0" tests="1" name="kpoTestcaseExecution.kpovendorcoordinationExecutionclass" time="34.117" errors="0" timestamp="2025-11-02T17:25:13 IST" skipped="0">
  <testcase classname="kpoTestcaseExecution.kpovendorcoordinationExecutionclass" name="kpovendorcoordinationlistpage" time="34.117"/>
</testsuite> <!-- kpoTestcaseExecution.kpovendorcoordinationExecutionclass -->
