<?xml version="1.0" encoding="UTF-8"?>
<!-- Generated by org.testng.reporters.JUnitReportReporter -->
<testsuite hostname="DESKTOP-CVGL8I0" failures="0" tests="1" name="kpoTestcaseExecution.kpocontractmanagementExecutionclass" time="17.075" errors="0" timestamp="2025-11-05T22:45:30 IST" skipped="0">
  <testcase classname="kpoTestcaseExecution.kpocontractmanagementExecutionclass" name="contractmanagementkpoverifysignatureaction" time="17.075"/>
</testsuite> <!-- kpoTestcaseExecution.kpocontractmanagementExecutionclass -->
