<?xml version="1.0" encoding="UTF-8"?>
<!-- Generated by org.testng.reporters.JUnitReportReporter -->
<testsuite hostname="Active34" failures="0" tests="1" name="kpoTestcaseExecution.kpovendorcoordinationExecutionclass" time="13.939" errors="0" timestamp="2025-12-24T14:22:20 IST" skipped="0">
  <testcase classname="kpoTestcaseExecution.kpovendorcoordinationExecutionclass" name="kpovendorcoordinationlistpage" time="13.939"/>
</testsuite> <!-- kpoTestcaseExecution.kpovendorcoordinationExecutionclass -->
