<?xml version="1.0" encoding="UTF-8"?>
<!-- Generated by org.testng.reporters.JUnitReportReporter -->
<testsuite hostname="DESKTOP-CVGL8I0" failures="0" tests="3" name="kpoTestcaseExecution.kpoteammgmtExecutionclass" time="16.554" errors="0" timestamp="2025-11-05T19:31:22 IST" skipped="2">
  <testcase classname="kpoTestcaseExecution.kpoteammgmtExecutionclass" name="kpoteammanagementlistpage" time="16.554"/>
  <testcase classname="kpoTestcaseExecution.kpoteammgmtExecutionclass" name="kpocreateteammanagement">
    <skipped/>
  </testcase> <!-- kpocreateteammanagement -->
  <testcase classname="kpoTestcaseExecution.kpoteammgmtExecutionclass" name="kpoupdateteammanagement">
    <skipped/>
  </testcase> <!-- kpoupdateteammanagement -->
</testsuite> <!-- kpoTestcaseExecution.kpoteammgmtExecutionclass -->
